\BOOKMARK [0][-]{section*.1}{Lista de Figuras}{}% 1
\BOOKMARK [0][-]{section*.2}{Lista de Tabelas}{}% 2
\BOOKMARK [0][-]{chapter.1}{Introdu\347\343o}{}% 3
\BOOKMARK [1][-]{section.1.1}{Uma curta apresenta\347\343o}{chapter.1}% 4
\BOOKMARK [1][-]{section.1.2}{Montagem do sistema}{chapter.1}% 5
\BOOKMARK [2][-]{subsection.1.2.1}{Componentes montados no ve\355culo}{section.1.2}% 6
\BOOKMARK [2][-]{subsection.1.2.2}{Componentes do telem\363vel}{section.1.2}% 7
\BOOKMARK [2][-]{subsection.1.2.3}{Utiliza\347\343o de dados}{section.1.2}% 8
\BOOKMARK [1][-]{section.1.3}{Descri\347\343o de especifica\347\365es}{chapter.1}% 9
\BOOKMARK [2][-]{subsection.1.3.1}{Aceler\363metro}{section.1.3}% 10
\BOOKMARK [2][-]{subsection.1.3.2}{Bluetooth}{section.1.3}% 11
\BOOKMARK [2][-]{subsection.1.3.3}{Wi-fi}{section.1.3}% 12
\BOOKMARK [2][-]{subsection.1.3.4}{GPS}{section.1.3}% 13
\BOOKMARK [0][-]{chapter.2}{Estado da arte}{}% 14
\BOOKMARK [1][-]{section.2.1}{Principais metodologias}{chapter.2}% 15
\BOOKMARK [2][-]{subsection.2.1.1}{Camera v\355deo}{section.2.1}% 16
\BOOKMARK [2][-]{subsection.2.1.2}{Camera v\355deo com ilumina\347\343o artificial}{section.2.1}% 17
\BOOKMARK [2][-]{subsection.2.1.3}{Ultrassom}{section.2.1}% 18
\BOOKMARK [2][-]{subsection.2.1.4}{Aceler\363metro}{section.2.1}% 19
\BOOKMARK [1][-]{section.2.2}{Compara\347\343o de resultados}{chapter.2}% 20
\BOOKMARK [1][-]{section.2.3}{Planeamento de trabalhos a desenvolver}{chapter.2}% 21
\BOOKMARK [0][-]{section*.15}{Bibliografia}{}% 22
